INFO main GoBang -     01  02  03  04  05  06  07  08  09  10  11  12  13  14  15  16  17  18  19
INFO main GoBang - 01|___|___|___|___|___|___|___|___|___|___|___|___|___|___|___|___|___|___|___|
INFO main GoBang - 02|___|___|___|___|___|___|___|___|___|___|___|___|___|___|___|___|___|___|___|
INFO main GoBang - 03|___|___|___|___|___|___|___|___|___|___|___|___|___|___|___|___|___|___|___|
INFO main GoBang - 04|___|___|___|___|___|___|___|___|___|___|___|___|___|___|___|___|___|___|___|
INFO main GoBang - 05|___|___|___|___|___|___|___|___|___|___|___|___|___|___|___|___|___|___|___|
INFO main GoBang - 06|___|___|___|___|___|___|___|___|___|___|___|___|___|___|___|___|___|___|___|
INFO main GoBang - 07|___|___|___|___|___|___|___|___|___|___|___|___|___|___|___|___|___|___|___|
INFO main GoBang - 08|___|___|___|___|___|___|___|___|___|___|___|___|___|___|___|___|___|___|___|
INFO main GoBang - 09|___|___|___|___|___|___|___|___|___|___|___|___|___|___|___|___|___|___|___|
INFO main GoBang - 10|___|___|___|___|___|___|___|___|___|___|___|___|___|___|___|___|___|___|___|
INFO main GoBang - 11|___|___|___|___|___|___|___|___|___|___|___|___|___|___|___|___|___|___|___|
INFO main GoBang - 12|___|___|___|___|___|___|___|___|___|___|___|___|___|___|___|___|___|___|___|
INFO main GoBang - 13|___|___|___|___|___|___|___|___|___|___|___|___|___|___|___|___|___|___|___|
INFO main GoBang - 14|___|___|___|___|___|___|___|___|___|___|___|___|___|___|___|___|___|___|___|
INFO main GoBang - 15|___|___|___|___|___|___|___|___|___|___|___|___|___|___|___|___|___|___|___|
INFO main GoBang - 16|___|___|___|___|___|___|___|___|___|___|___|___|___|___|___|___|___|___|___|
INFO main GoBang - 17|___|___|___|___|___|___|___|___|___|___|___|___|___|___|___|___|___|___|___|
INFO main GoBang - 18|___|___|___|___|___|___|___|___|___|___|___|___|___|___|___|___|___|___|___|
INFO main GoBang - 19|___|___|___|___|___|___|___|___|___|___|___|___|___|___|___|___|___|___|___|
INFO main GoBang - 
INFO main GoBang - Player X it is your turn.
INFO main GoBang - With 'b' oder 'B' you remove your last move.
INFO main GoBang - Please enter the position of your token (x,y):
INFO main GoBang - 
INFO main GoBang -     01  02  03  04  05  06  07  08  09  10  11  12  13  14  15  16  17  18  19
INFO main GoBang - 01|___|___|___|___|___|___|___|___|___|___|___|___|___|___|___|___|___|___|___|
INFO main GoBang - 02|___|___|___|___|___|___|___|___|___|___|___|___|___|___|___|___|___|___|___|
INFO main GoBang - 03|___|___|___|___|___|___|___|___|___|___|___|___|___|___|___|___|___|___|___|
INFO main GoBang - 04|___|___|___|___|___|___|___|___|___|___|___|___|___|___|___|___|___|___|___|
INFO main GoBang - 05|___|___|___|___|___|___|___|___|___|___|___|___|___|___|___|___|___|___|___|
INFO main GoBang - 06|___|___|___|___|___|___|___|___|___|___|___|___|___|___|___|___|___|___|___|
INFO main GoBang - 07|___|___|___|___|___|___|___|___|___|___|___|___|___|___|___|___|___|___|___|
INFO main GoBang - 08|___|___|___|___|___|___|___|___|___|___|___|___|___|___|___|___|___|___|___|
INFO main GoBang - 09|___|___|___|___|___|___|___|___|___|___|___|___|___|___|___|___|___|___|___|
INFO main GoBang - 10|___|___|___|___|___|___|___|___|___|___|___|___|___|___|___|___|___|___|___|
INFO main GoBang - 11|___|___|___|___|___|___|___|___|___|___|___|___|___|___|___|___|___|___|___|
INFO main GoBang - 12|___|___|___|___|___|___|___|___|___|___|___|___|___|___|___|___|___|___|___|
INFO main GoBang - 13|___|___|___|___|___|___|___|___|___|___|___|___|___|___|___|___|___|___|___|
INFO main GoBang - 14|___|___|___|___|___|___|___|___|___|___|___|___|___|___|___|___|___|___|___|
INFO main GoBang - 15|___|___|___|___|___|___|___|___|___|___|___|___|___|___|___|___|___|___|___|
INFO main GoBang - 16|___|___|___|___|___|___|___|___|___|___|___|___|___|___|___|___|___|___|___|
INFO main GoBang - 17|___|___|___|___|___|___|___|___|___|___|___|___|___|___|___|___|___|___|___|
INFO main GoBang - 18|___|___|___|___|___|___|___|___|___|___|___|___|___|___|___|___|___|___|___|
INFO main GoBang - 19|___|___|___|___|___|___|___|___|___|___|___|___|___|___|___|___|___|___|___|
INFO main GoBang - 
INFO main GoBang - Player X it is your turn.
INFO main GoBang - With 'b' oder 'B' you remove your last move.
INFO main GoBang - Please enter the position of your token (x,y):
INFO main GoBang - 
INFO main GoBang -     01  02  03  04  05  06  07  08  09  10  11  12  13  14  15  16  17  18  19
INFO main GoBang - 01|___|___|___|___|___|___|___|___|___|___|___|___|___|___|___|___|___|___|___|
INFO main GoBang - 02|___|___|___|___|___|___|___|___|___|___|___|___|___|___|___|___|___|___|___|
INFO main GoBang - 03|___|___|___|___|___|___|___|___|___|___|___|___|___|___|___|___|___|___|___|
INFO main GoBang - 04|___|___|___|___|___|___|___|___|___|___|___|___|___|___|___|___|___|___|___|
INFO main GoBang - 05|___|___|___|___|___|___|___|___|___|___|___|___|___|___|___|___|___|___|___|
INFO main GoBang - 06|___|___|___|___|___|___|___|___|___|___|___|___|___|___|___|___|___|___|___|
INFO main GoBang - 07|___|___|___|___|___|___|___|___|___|___|___|___|___|___|___|___|___|___|___|
INFO main GoBang - 08|___|___|___|___|___|___|___|___|___|___|___|___|___|___|___|___|___|___|___|
INFO main GoBang - 09|___|___|___|___|___|___|___|___|___|___|___|___|___|___|___|___|___|___|___|
INFO main GoBang - 10|___|___|___|___|___|___|___|___|___|___|___|___|___|___|___|___|___|___|___|
INFO main GoBang - 11|___|___|___|___|___|___|___|___|___|___|___|___|___|___|___|___|___|___|___|
INFO main GoBang - 12|___|___|___|___|___|___|___|___|___|___|___|___|___|___|___|___|___|___|___|
INFO main GoBang - 13|___|___|___|___|___|___|___|___|___|___|___|___|___|___|___|___|___|___|___|
INFO main GoBang - 14|___|___|___|___|___|___|___|___|___|___|___|___|___|___|___|___|___|___|___|
INFO main GoBang - 15|___|___|___|___|___|___|___|___|___|___|___|___|___|___|___|___|___|___|___|
INFO main GoBang - 16|___|___|___|___|___|___|___|___|___|___|___|___|___|___|___|___|___|___|___|
INFO main GoBang - 17|___|___|___|___|___|___|___|___|___|___|___|___|___|___|___|___|___|___|___|
INFO main GoBang - 18|___|___|___|___|___|___|___|___|___|___|___|___|___|___|___|___|___|___|___|
INFO main GoBang - 19|___|___|___|___|___|___|___|___|___|___|___|___|___|___|___|___|___|___|___|
INFO main GoBang - 
INFO main GoBang - Player X it is your turn.
INFO main GoBang - With 'b' oder 'B' you remove your last move.
INFO main GoBang - Please enter the position of your token (x,y):
INFO main GoBang - 
INFO main GoBang -     01  02  03  04  05  06  07  08  09  10  11  12  13  14  15  16  17  18  19
INFO main GoBang - 01|___|___|___|___|___|___|___|___|___|___|___|___|___|___|___|___|___|___|___|
INFO main GoBang - 02|___|___|___|___|___|___|___|___|___|___|___|___|___|___|___|___|___|___|___|
INFO main GoBang - 03|___|___|___|___|___|___|___|___|___|___|___|___|___|___|___|___|___|___|___|
INFO main GoBang - 04|___|___|___|___|___|___|___|___|___|___|___|___|___|___|___|___|___|___|___|
INFO main GoBang - 05|___|___|___|___|___|___|___|___|___|___|___|___|___|___|___|___|___|___|___|
INFO main GoBang - 06|___|___|___|___|___|___|___|___|___|___|___|___|___|___|___|___|___|___|___|
INFO main GoBang - 07|___|___|___|___|___|___|___|___|___|___|___|___|___|___|___|___|___|___|___|
INFO main GoBang - 08|___|___|___|___|___|___|___|___|___|___|___|___|___|___|___|___|___|___|___|
INFO main GoBang - 09|___|___|___|___|___|___|___|___|___|___|___|___|___|___|___|___|___|___|___|
INFO main GoBang - 10|___|___|___|___|___|___|___|___|___|___|___|___|___|___|___|___|___|___|___|
INFO main GoBang - 11|___|___|___|___|___|___|___|___|___|___|___|___|___|___|___|___|___|___|___|
INFO main GoBang - 12|___|___|___|___|___|___|___|___|___|___|___|___|___|___|___|___|___|___|___|
INFO main GoBang - 13|___|___|___|___|___|___|___|___|___|___|___|___|___|___|___|___|___|___|___|
INFO main GoBang - 14|___|___|___|___|___|___|___|___|___|___|___|___|___|___|___|___|___|___|___|
INFO main GoBang - 15|___|___|___|___|___|___|___|___|___|___|___|___|___|___|___|___|___|___|___|
INFO main GoBang - 16|___|___|___|___|___|___|___|___|___|___|___|___|___|___|___|___|___|___|___|
INFO main GoBang - 17|___|___|___|___|___|___|___|___|___|___|___|___|___|___|___|___|___|___|___|
INFO main GoBang - 18|___|___|___|___|___|___|___|___|___|___|___|___|___|___|___|___|___|___|___|
INFO main GoBang - 19|___|___|___|___|___|___|___|___|___|___|___|___|___|___|___|___|___|___|___|
INFO main GoBang - 
INFO main GoBang - Player X it is your turn.
INFO main GoBang - With 'b' oder 'B' you remove your last move.
INFO main GoBang - Please enter the position of your token (x,y):
INFO main GoBang - 
INFO main GoBang -     01  02  03  04  05  06  07  08  09  10  11  12  13  14  15  16  17  18  19
INFO main GoBang - 01|___|___|___|___|___|___|___|___|___|___|___|___|___|___|___|___|___|___|___|
INFO main GoBang - 02|___|___|___|___|___|___|___|___|___|___|___|___|___|___|___|___|___|___|___|
INFO main GoBang - 03|___|___|___|___|___|___|___|___|___|___|___|___|___|___|___|___|___|___|___|
INFO main GoBang - 04|___|___|___|___|___|___|___|___|___|___|___|___|___|___|___|___|___|___|___|
INFO main GoBang - 05|___|___|___|___|___|___|___|___|___|___|___|___|___|___|___|___|___|___|___|
INFO main GoBang - 06|___|___|___|___|___|___|___|___|___|___|___|___|___|___|___|___|___|___|___|
INFO main GoBang - 07|___|___|___|___|___|___|___|___|___|___|___|___|___|___|___|___|___|___|___|
INFO main GoBang - 08|___|___|___|___|___|___|___|___|___|___|___|___|___|___|___|___|___|___|___|
INFO main GoBang - 09|___|___|___|___|___|___|___|___|___|___|___|___|___|___|___|___|___|___|___|
INFO main GoBang - 10|___|___|___|___|___|___|___|___|___|___|___|___|___|___|___|___|___|___|___|
INFO main GoBang - 11|___|___|___|___|___|___|___|___|___|___|___|___|___|___|___|___|___|___|___|
INFO main GoBang - 12|___|___|___|___|___|___|___|___|___|___|___|___|___|___|___|___|___|___|___|
INFO main GoBang - 13|___|___|___|___|___|___|___|___|___|___|___|___|___|___|___|___|___|___|___|
INFO main GoBang - 14|___|___|___|___|___|___|___|___|___|___|___|___|___|___|___|___|___|___|___|
INFO main GoBang - 15|___|___|___|___|___|___|___|___|___|___|___|___|___|___|___|___|___|___|___|
INFO main GoBang - 16|___|___|___|___|___|___|___|___|___|___|___|___|___|___|___|___|___|___|___|
INFO main GoBang - 17|___|___|___|___|___|___|___|___|___|___|___|___|___|___|___|___|___|___|___|
INFO main GoBang - 18|___|___|___|___|___|___|___|___|___|___|___|___|___|___|___|___|___|___|___|
INFO main GoBang - 19|___|___|___|___|___|___|___|___|___|___|___|___|___|___|___|___|___|___|___|
INFO main GoBang - 
INFO main GoBang - Player X it is your turn.
INFO main GoBang - With 'b' oder 'B' you remove your last move.
INFO main GoBang - Please enter the position of your token (x,y):
INFO main GoBang - 
INFO main GoBang -     01  02  03  04  05  06  07  08  09  10  11  12  13  14  15  16  17  18  19
INFO main GoBang - 01|___|___|___|___|___|___|___|___|___|___|___|___|___|___|___|___|___|___|___|
INFO main GoBang - 02|___|___|___|___|___|___|___|___|___|___|___|___|___|___|___|___|___|___|___|
INFO main GoBang - 03|___|___|___|___|___|___|___|___|___|___|___|___|___|___|___|___|___|___|___|
INFO main GoBang - 04|___|___|___|___|___|___|___|___|___|___|___|___|___|___|___|___|___|___|___|
INFO main GoBang - 05|___|___|___|___|___|___|___|___|___|___|___|___|___|___|___|___|___|___|___|
INFO main GoBang - 06|___|___|___|___|___|___|___|___|___|___|___|___|___|___|___|___|___|___|___|
INFO main GoBang - 07|___|___|___|___|___|___|___|___|___|___|___|___|___|___|___|___|___|___|___|
INFO main GoBang - 08|___|___|___|___|___|___|___|___|___|___|___|___|___|___|___|___|___|___|___|
INFO main GoBang - 09|___|___|___|___|___|___|___|___|___|___|___|___|___|___|___|___|___|___|___|
INFO main GoBang - 10|___|___|___|___|___|___|___|___|___|___|___|___|___|___|___|___|___|___|___|
INFO main GoBang - 11|___|___|___|___|___|___|___|___|___|___|___|___|___|___|___|___|___|___|___|
INFO main GoBang - 12|___|___|___|___|___|___|___|___|___|___|___|___|___|___|___|___|___|___|___|
INFO main GoBang - 13|___|___|___|___|___|___|___|___|___|___|___|___|___|___|___|___|___|___|___|
INFO main GoBang - 14|___|___|___|___|___|___|___|___|___|___|___|___|___|___|___|___|___|___|___|
INFO main GoBang - 15|___|___|___|___|___|___|___|___|___|___|___|___|___|___|___|___|___|___|___|
INFO main GoBang - 16|___|___|___|___|___|___|___|___|___|___|___|___|___|___|___|___|___|___|___|
INFO main GoBang - 17|___|___|___|___|___|___|___|___|___|___|___|___|___|___|___|___|___|___|___|
INFO main GoBang - 18|___|___|___|___|___|___|___|___|___|___|___|___|___|___|___|___|___|___|___|
INFO main GoBang - 19|___|___|___|___|___|___|___|___|___|___|___|___|___|___|___|___|___|___|___|
INFO main GoBang - 
INFO main GoBang - Player X it is your turn.
INFO main GoBang - With 'b' oder 'B' you remove your last move.
INFO main GoBang - Please enter the position of your token (x,y):
INFO main GoBang - 
INFO main GoBang -     01  02  03  04  05  06  07  08  09  10  11  12  13  14  15  16  17  18  19
INFO main GoBang - 01|___|___|___|___|___|___|___|___|___|___|___|___|___|___|___|___|___|___|___|
INFO main GoBang - 02|___|___|___|___|___|___|___|___|___|___|___|___|___|___|___|___|___|___|___|
INFO main GoBang - 03|___|___|___|___|___|___|___|___|___|___|___|___|___|___|___|___|___|___|___|
INFO main GoBang - 04|___|___|___|___|___|___|___|___|___|___|___|___|___|___|___|___|___|___|___|
INFO main GoBang - 05|___|___|___|___|___|___|___|___|___|___|___|___|___|___|___|___|___|___|___|
INFO main GoBang - 06|___|___|___|___|___|___|___|___|___|___|___|___|___|___|___|___|___|___|___|
INFO main GoBang - 07|___|___|___|___|___|___|___|___|___|___|___|___|___|___|___|___|___|___|___|
INFO main GoBang - 08|___|___|___|___|___|___|___|___|___|___|___|___|___|___|___|___|___|___|___|
INFO main GoBang - 09|___|___|___|___|___|___|___|___|___|___|___|___|___|___|___|___|___|___|___|
INFO main GoBang - 10|___|___|___|___|___|___|___|___|___|___|___|___|___|___|___|___|___|___|___|
INFO main GoBang - 11|___|___|___|___|___|___|___|___|___|___|___|___|___|___|___|___|___|___|___|
INFO main GoBang - 12|___|___|___|___|___|___|___|___|___|___|___|___|___|___|___|___|___|___|___|
INFO main GoBang - 13|___|___|___|___|___|___|___|___|___|___|___|___|___|___|___|___|___|___|___|
INFO main GoBang - 14|___|___|___|___|___|___|___|___|___|___|___|___|___|___|___|___|___|___|___|
INFO main GoBang - 15|___|___|___|___|___|___|___|___|___|___|___|___|___|___|___|___|___|___|___|
INFO main GoBang - 16|___|___|___|___|___|___|___|___|___|___|___|___|___|___|___|___|___|___|___|
INFO main GoBang - 17|___|___|___|___|___|___|___|___|___|___|___|___|___|___|___|___|___|___|___|
INFO main GoBang - 18|___|___|___|___|___|___|___|___|___|___|___|___|___|___|___|___|___|___|___|
INFO main GoBang - 19|___|___|___|___|___|___|___|___|___|___|___|___|___|___|___|___|___|___|___|
INFO main GoBang - 
INFO main GoBang - Player X it is your turn.
INFO main GoBang - With 'b' oder 'B' you remove your last move.
INFO main GoBang - Please enter the position of your token (x,y):
INFO main GoBang - 
INFO main GoBang -     01  02  03  04  05  06  07  08  09  10  11  12  13  14  15  16  17  18  19
INFO main GoBang - 01|___|___|___|___|___|___|___|___|___|___|___|___|___|___|___|___|___|___|___|
INFO main GoBang - 02|___|___|___|___|___|___|___|___|___|___|___|___|___|___|___|___|___|___|___|
INFO main GoBang - 03|___|___|___|___|___|___|___|___|___|___|___|___|___|___|___|___|___|___|___|
INFO main GoBang - 04|___|___|___|___|___|___|___|___|___|___|___|___|___|___|___|___|___|___|___|
INFO main GoBang - 05|___|___|___|___|___|___|___|___|___|___|___|___|___|___|___|___|___|___|___|
INFO main GoBang - 06|___|___|___|___|___|___|___|___|___|___|___|___|___|___|___|___|___|___|___|
INFO main GoBang - 07|___|___|___|___|___|___|___|___|___|___|___|___|___|___|___|___|___|___|___|
INFO main GoBang - 08|___|___|___|___|___|___|___|___|___|___|___|___|___|___|___|___|___|___|___|
INFO main GoBang - 09|___|___|___|___|___|___|___|___|___|___|___|___|___|___|___|___|___|___|___|
INFO main GoBang - 10|___|___|___|___|___|___|___|___|___|___|___|___|___|___|___|___|___|___|___|
INFO main GoBang - 11|___|___|___|___|___|___|___|___|___|___|___|___|___|___|___|___|___|___|___|
INFO main GoBang - 12|___|___|___|___|___|___|___|___|___|___|___|___|___|___|___|___|___|___|___|
INFO main GoBang - 13|___|___|___|___|___|___|___|___|___|___|___|___|___|___|___|___|___|___|___|
INFO main GoBang - 14|___|___|___|___|___|___|___|___|___|___|___|___|___|___|___|___|___|___|___|
INFO main GoBang - 15|___|___|___|___|___|___|___|___|___|___|___|___|___|___|___|___|___|___|___|
INFO main GoBang - 16|___|___|___|___|___|___|___|___|___|___|___|___|___|___|___|___|___|___|___|
INFO main GoBang - 17|___|___|___|___|___|___|___|___|___|___|___|___|___|___|___|___|___|___|___|
INFO main GoBang - 18|___|___|___|___|___|___|___|___|___|___|___|___|___|___|___|___|___|___|___|
INFO main GoBang - 19|___|___|___|___|___|___|___|___|___|___|___|___|___|___|___|___|___|___|___|
INFO main GoBang - 
INFO main GoBang - Player X it is your turn.
INFO main GoBang - With 'b' oder 'B' you remove your last move.
INFO main GoBang - Please enter the position of your token (x,y):
INFO main GoBang - 
INFO main GoBang -     01  02  03  04  05  06  07  08  09  10  11  12  13  14  15  16  17  18  19
INFO main GoBang - 01|___|___|___|___|___|___|___|___|___|___|___|___|___|___|___|___|___|___|___|
INFO main GoBang - 02|___|___|___|___|___|___|___|___|___|___|___|___|___|___|___|___|___|___|___|
INFO main GoBang - 03|___|___|___|___|___|___|___|___|___|___|___|___|___|___|___|___|___|___|___|
INFO main GoBang - 04|___|___|___|___|___|___|___|___|___|___|___|___|___|___|___|___|___|___|___|
INFO main GoBang - 05|___|___|___|___|___|___|___|___|___|___|___|___|___|___|___|___|___|___|___|
INFO main GoBang - 06|___|___|___|___|___|___|___|___|___|___|___|___|___|___|___|___|___|___|___|
INFO main GoBang - 07|___|___|___|___|___|___|___|___|___|___|___|___|___|___|___|___|___|___|___|
INFO main GoBang - 08|___|___|___|___|___|___|___|___|___|___|___|___|___|___|___|___|___|___|___|
INFO main GoBang - 09|___|___|___|___|___|___|___|___|___|___|___|___|___|___|___|___|___|___|___|
INFO main GoBang - 10|___|___|___|___|___|___|___|___|___|___|___|___|___|___|___|___|___|___|___|
INFO main GoBang - 11|___|___|___|___|___|___|___|___|___|___|___|___|___|___|___|___|___|___|___|
INFO main GoBang - 12|___|___|___|___|___|___|___|___|___|___|___|___|___|___|___|___|___|___|___|
INFO main GoBang - 13|___|___|___|___|___|___|___|___|___|___|___|___|___|___|___|___|___|___|___|
INFO main GoBang - 14|___|___|___|___|___|___|___|___|___|___|___|___|___|___|___|___|___|___|___|
INFO main GoBang - 15|___|___|___|___|___|___|___|___|___|___|___|___|___|___|___|___|___|___|___|
INFO main GoBang - 16|___|___|___|___|___|___|___|___|___|___|___|___|___|___|___|___|___|___|___|
INFO main GoBang - 17|___|___|___|___|___|___|___|___|___|___|___|___|___|___|___|___|___|___|___|
INFO main GoBang - 18|___|___|___|___|___|___|___|___|___|___|___|___|___|___|___|___|___|___|___|
INFO main GoBang - 19|___|___|___|___|___|___|___|___|___|___|___|___|___|___|___|___|___|___|___|
INFO main GoBang - 
INFO main GoBang - Player X it is your turn.
INFO main GoBang - With 'b' oder 'B' you remove your last move.
INFO main GoBang - Please enter the position of your token (x,y):
INFO main GoBang - 
INFO main GoBang -     01  02  03  04  05  06  07  08  09  10  11  12  13  14  15  16  17  18  19
INFO main GoBang - 01|___|___|___|___|___|___|___|___|___|___|___|___|___|___|___|___|___|___|___|
INFO main GoBang - 02|___|___|___|___|___|___|___|___|___|___|___|___|___|___|___|___|___|___|___|
INFO main GoBang - 03|___|___|___|___|___|___|___|___|___|___|___|___|___|___|___|___|___|___|___|
INFO main GoBang - 04|___|___|___|___|___|___|___|___|___|___|___|___|___|___|___|___|___|___|___|
INFO main GoBang - 05|___|___|___|___|___|___|___|___|___|___|___|___|___|___|___|___|___|___|___|
INFO main GoBang - 06|___|___|___|___|___|___|___|___|___|___|___|___|___|___|___|___|___|___|___|
INFO main GoBang - 07|___|___|___|___|___|___|___|___|___|___|___|___|___|___|___|___|___|___|___|
INFO main GoBang - 08|___|___|___|___|___|___|___|___|___|___|___|___|___|___|___|___|___|___|___|
INFO main GoBang - 09|___|___|___|___|___|___|___|___|___|___|___|___|___|___|___|___|___|___|___|
INFO main GoBang - 10|___|___|___|___|___|___|___|___|___|___|___|___|___|___|___|___|___|___|___|
INFO main GoBang - 11|___|___|___|___|___|___|___|___|___|___|___|___|___|___|___|___|___|___|___|
INFO main GoBang - 12|___|___|___|___|___|___|___|___|___|___|___|___|___|___|___|___|___|___|___|
INFO main GoBang - 13|___|___|___|___|___|___|___|___|___|___|___|___|___|___|___|___|___|___|___|
INFO main GoBang - 14|___|___|___|___|___|___|___|___|___|___|___|___|___|___|___|___|___|___|___|
INFO main GoBang - 15|___|___|___|___|___|___|___|___|___|___|___|___|___|___|___|___|___|___|___|
INFO main GoBang - 16|___|___|___|___|___|___|___|___|___|___|___|___|___|___|___|___|___|___|___|
INFO main GoBang - 17|___|___|___|___|___|___|___|___|___|___|___|___|___|___|___|___|___|___|___|
INFO main GoBang - 18|___|___|___|___|___|___|___|___|___|___|___|___|___|___|___|___|___|___|___|
INFO main GoBang - 19|___|___|___|___|___|___|___|___|___|___|___|___|___|___|___|___|___|___|___|
INFO main GoBang - 
INFO main GoBang - Player X it is your turn.
INFO main GoBang - With 'b' oder 'B' you remove your last move.
INFO main GoBang - Please enter the position of your token (x,y):
INFO main GoBang - 
INFO main GoBang -     01  02  03  04  05  06  07  08  09  10  11  12  13  14  15  16  17  18  19
INFO main GoBang - 01|___|___|___|___|___|___|___|___|___|___|___|___|___|___|___|___|___|___|___|
INFO main GoBang - 02|___|___|___|___|___|___|___|___|___|___|___|___|___|___|___|___|___|___|___|
INFO main GoBang - 03|___|___|___|___|___|___|___|___|___|___|___|___|___|___|___|___|___|___|___|
INFO main GoBang - 04|___|___|___|___|___|___|___|___|___|___|___|___|___|___|___|___|___|___|___|
INFO main GoBang - 05|___|___|___|___|___|___|___|___|___|___|___|___|___|___|___|___|___|___|___|
INFO main GoBang - 06|___|___|___|___|___|___|___|___|___|___|___|___|___|___|___|___|___|___|___|
INFO main GoBang - 07|___|___|___|___|___|___|___|___|___|___|___|___|___|___|___|___|___|___|___|
INFO main GoBang - 08|___|___|___|___|___|___|___|___|___|___|___|___|___|___|___|___|___|___|___|
INFO main GoBang - 09|___|___|___|___|___|___|___|___|___|___|___|___|___|___|___|___|___|___|___|
INFO main GoBang - 10|___|___|___|___|___|___|___|___|___|___|___|___|___|___|___|___|___|___|___|
INFO main GoBang - 11|___|___|___|___|___|___|___|___|___|___|___|___|___|___|___|___|___|___|___|
INFO main GoBang - 12|___|___|___|___|___|___|___|___|___|___|___|___|___|___|___|___|___|___|___|
INFO main GoBang - 13|___|___|___|___|___|___|___|___|___|___|___|___|___|___|___|___|___|___|___|
INFO main GoBang - 14|___|___|___|___|___|___|___|___|___|___|___|___|___|___|___|___|___|___|___|
INFO main GoBang - 15|___|___|___|___|___|___|___|___|___|___|___|___|___|___|___|___|___|___|___|
INFO main GoBang - 16|___|___|___|___|___|___|___|___|___|___|___|___|___|___|___|___|___|___|___|
INFO main GoBang - 17|___|___|___|___|___|___|___|___|___|___|___|___|___|___|___|___|___|___|___|
INFO main GoBang - 18|___|___|___|___|___|___|___|___|___|___|___|___|___|___|___|___|___|___|___|
INFO main GoBang - 19|___|___|___|___|___|___|___|___|___|___|___|___|___|___|___|___|___|___|___|
INFO main GoBang - 
INFO main GoBang - Player X it is your turn.
INFO main GoBang - With 'b' oder 'B' you remove your last move.
INFO main GoBang - Please enter the position of your token (x,y):
INFO main GoBang - 
INFO main GoBang -     01  02  03  04  05  06  07  08  09  10  11  12  13  14  15  16  17  18  19
INFO main GoBang - 01|___|___|___|___|___|___|___|___|___|___|___|___|___|___|___|___|___|___|___|
INFO main GoBang - 02|___|___|___|___|___|___|___|___|___|___|___|___|___|___|___|___|___|___|___|
INFO main GoBang - 03|___|___|___|___|___|___|___|___|___|___|___|___|___|___|___|___|___|___|___|
INFO main GoBang - 04|___|___|___|___|___|___|___|___|___|___|___|___|___|___|___|___|___|___|___|
INFO main GoBang - 05|___|___|___|___|___|___|___|___|___|___|___|___|___|___|___|___|___|___|___|
INFO main GoBang - 06|___|___|___|___|___|___|___|___|___|___|___|___|___|___|___|___|___|___|___|
INFO main GoBang - 07|___|___|___|___|___|___|___|___|___|___|___|___|___|___|___|___|___|___|___|
INFO main GoBang - 08|___|___|___|___|___|___|___|___|___|___|___|___|___|___|___|___|___|___|___|
INFO main GoBang - 09|___|___|___|___|___|___|___|___|___|___|___|___|___|___|___|___|___|___|___|
INFO main GoBang - 10|___|___|___|___|___|___|___|___|___|___|___|___|___|___|___|___|___|___|___|
INFO main GoBang - 11|___|___|___|___|___|___|___|___|___|___|___|___|___|___|___|___|___|___|___|
INFO main GoBang - 12|___|___|___|___|___|___|___|___|___|___|___|___|___|___|___|___|___|___|___|
INFO main GoBang - 13|___|___|___|___|___|___|___|___|___|___|___|___|___|___|___|___|___|___|___|
INFO main GoBang - 14|___|___|___|___|___|___|___|___|___|___|___|___|___|___|___|___|___|___|___|
INFO main GoBang - 15|___|___|___|___|___|___|___|___|___|___|___|___|___|___|___|___|___|___|___|
INFO main GoBang - 16|___|___|___|___|___|___|___|___|___|___|___|___|___|___|___|___|___|___|___|
INFO main GoBang - 17|___|___|___|___|___|___|___|___|___|___|___|___|___|___|___|___|___|___|___|
INFO main GoBang - 18|___|___|___|___|___|___|___|___|___|___|___|___|___|___|___|___|___|___|___|
INFO main GoBang - 19|___|___|___|___|___|___|___|___|___|___|___|___|___|___|___|___|___|___|___|
INFO main GoBang - 
INFO main GoBang - Player X it is your turn.
INFO main GoBang - With 'b' oder 'B' you remove your last move.
INFO main GoBang - Please enter the position of your token (x,y):
INFO main GoBang - 
INFO main GoBang -     01  02  03  04  05  06  07  08  09  10  11  12  13  14  15  16  17  18  19
INFO main GoBang - 01|___|___|___|___|___|___|___|___|___|___|___|___|___|___|___|___|___|___|___|
INFO main GoBang - 02|___|___|___|___|___|___|___|___|___|___|___|___|___|___|___|___|___|___|___|
INFO main GoBang - 03|___|___|___|___|___|___|___|___|___|___|___|___|___|___|___|___|___|___|___|
INFO main GoBang - 04|___|___|___|___|___|___|___|___|___|___|___|___|___|___|___|___|___|___|___|
INFO main GoBang - 05|___|___|___|___|___|___|___|___|___|___|___|___|___|___|___|___|___|___|___|
INFO main GoBang - 06|___|___|___|___|___|___|___|___|___|___|___|___|___|___|___|___|___|___|___|
INFO main GoBang - 07|___|___|___|___|___|___|___|___|___|___|___|___|___|___|___|___|___|___|___|
INFO main GoBang - 08|___|___|___|___|___|___|___|___|___|___|___|___|___|___|___|___|___|___|___|
INFO main GoBang - 09|___|___|___|___|___|___|___|___|___|___|___|___|___|___|___|___|___|___|___|
INFO main GoBang - 10|___|___|___|___|___|___|___|___|___|___|___|___|___|___|___|___|___|___|___|
INFO main GoBang - 11|___|___|___|___|___|___|___|___|___|___|___|___|___|___|___|___|___|___|___|
INFO main GoBang - 12|___|___|___|___|___|___|___|___|___|___|___|___|___|___|___|___|___|___|___|
INFO main GoBang - 13|___|___|___|___|___|___|___|___|___|___|___|___|___|___|___|___|___|___|___|
INFO main GoBang - 14|___|___|___|___|___|___|___|___|___|___|___|___|___|___|___|___|___|___|___|
INFO main GoBang - 15|___|___|___|___|___|___|___|___|___|___|___|___|___|___|___|___|___|___|___|
INFO main GoBang - 16|___|___|___|___|___|___|___|___|___|___|___|___|___|___|___|___|___|___|___|
INFO main GoBang - 17|___|___|___|___|___|___|___|___|___|___|___|___|___|___|___|___|___|___|___|
INFO main GoBang - 18|___|___|___|___|___|___|___|___|___|___|___|___|___|___|___|___|___|___|___|
INFO main GoBang - 19|___|___|___|___|___|___|___|___|___|___|___|___|___|___|___|___|___|___|___|
INFO main GoBang - 
INFO main GoBang - Player X it is your turn.
INFO main GoBang - With 'b' oder 'B' you remove your last move.
INFO main GoBang - Please enter the position of your token (x,y):
